{
  "RSpec": {
    "coverage": {
      "/home/pascal/video_encoder/lib/video_encoder.rb": {
        "lines": [
          null,
          null,
          1,
          1,
          1,
          null,
          1,
          1,
          1,
          null,
          1,
          1,
          null,
          1,
          1,
          1,
          null,
          1,
          1,
          1,
          1,
          1,
          1,
          1,
          null,
          1
        ]
      },
      "/home/pascal/video_encoder/lib/video_encoder/domain/status.rb": {
        "lines": [
          null,
          null,
          1,
          1,
          1,
          1,
          1,
          1,
          null,
          null
        ]
      },
      "/home/pascal/video_encoder/lib/video_encoder/domain/job.rb": {
        "lines": [
          null,
          null,
          1,
          1,
          1,
          null,
          1,
          null,
          1,
          1,
          null,
          null,
          null,
          null,
          null,
          null,
          null,
          null,
          1,
          36,
          36,
          36,
          36,
          36,
          36,
          36,
          null,
          36,
          36,
          36,
          36,
          null,
          36,
          36,
          36,
          36,
          null,
          null,
          1,
          5,
          null,
          null,
          1,
          2,
          null,
          null,
          1,
          2,
          null,
          null,
          1,
          3,
          null,
          null,
          1,
          2,
          2,
          2,
          null,
          null,
          1,
          1,
          1,
          1,
          null,
          null,
          1,
          1,
          1,
          1,
          1,
          null,
          null,
          1,
          null,
          1,
          4,
          null,
          null,
          null
        ]
      },
      "/home/pascal/video_encoder/lib/video_encoder/persistence/database.rb": {
        "lines": [
          null,
          null,
          1,
          null,
          1,
          1,
          null,
          1,
          1,
          8,
          null,
          null,
          null,
          null
        ]
      },
      "/home/pascal/video_encoder/lib/video_encoder/persistence/job_repository.rb": {
        "lines": [
          null,
          null,
          1,
          null,
          1,
          1,
          null,
          1,
          1,
          15,
          null,
          null,
          1,
          11,
          null,
          null,
          null,
          null,
          null,
          null,
          null,
          null,
          1,
          3,
          3,
          null,
          1,
          null,
          null,
          1,
          7,
          null,
          null,
          null,
          null,
          null,
          null,
          1,
          1,
          null,
          null,
          null,
          null,
          null,
          1,
          2,
          null,
          null,
          null,
          null,
          null,
          null,
          null,
          1,
          2,
          null,
          null,
          null,
          null,
          null,
          null,
          null,
          null,
          null,
          1,
          2,
          2,
          null,
          null,
          null,
          1,
          8,
          8,
          null,
          7,
          null,
          null,
          1,
          null,
          1,
          10,
          null,
          null,
          null,
          null,
          null,
          null,
          null,
          null,
          null,
          null,
          null,
          null,
          null
        ]
      },
      "/home/pascal/video_encoder/lib/video_encoder/encoder/base.rb": {
        "lines": [
          null,
          null,
          1,
          1,
          null,
          null,
          1,
          1,
          null,
          1,
          2,
          null,
          null,
          1,
          0,
          null,
          null,
          1,
          null,
          1,
          0,
          null,
          null,
          null,
          null
        ]
      },
      "/home/pascal/video_encoder/lib/video_encoder/encoder/fake_encoder.rb": {
        "lines": [
          null,
          null,
          1,
          1,
          null,
          1,
          1,
          0,
          null,
          0,
          0,
          0,
          null,
          null,
          null,
          null,
          null
        ]
      },
      "/home/pascal/video_encoder/lib/video_encoder/encoder/ffmpeg_encoder.rb": {
        "lines": [
          null,
          null,
          1,
          null,
          1,
          1,
          null,
          1,
          1,
          2,
          2,
          null,
          null,
          1,
          0,
          null,
          0,
          null,
          0,
          null,
          0,
          null,
          0,
          null,
          null,
          null,
          null,
          null,
          null,
          null,
          0,
          0,
          null,
          null,
          null,
          null,
          null,
          0,
          null,
          null,
          null,
          null,
          null,
          0,
          0,
          null,
          0,
          0,
          null,
          0,
          null,
          0,
          0,
          null,
          0,
          null,
          null,
          null,
          null
        ]
      },
      "/home/pascal/video_encoder/lib/video_encoder/worker.rb": {
        "lines": [
          null,
          null,
          1,
          null,
          1,
          1,
          0,
          0,
          0,
          0,
          null,
          null,
          1,
          0,
          null,
          0,
          0,
          0,
          null,
          0,
          0,
          0,
          null,
          0,
          null,
          null,
          1,
          0,
          null,
          0,
          0,
          0,
          null,
          null,
          0,
          null,
          null,
          1,
          null,
          1,
          0,
          null,
          null,
          1,
          0,
          null,
          0,
          null,
          0,
          null,
          0,
          null,
          0,
          0,
          null,
          null,
          1,
          0,
          null,
          null,
          null
        ]
      },
      "/home/pascal/video_encoder/lib/video_encoder/cli.rb": {
        "lines": [
          null,
          null,
          1,
          null,
          1,
          1,
          0,
          null,
          null,
          1,
          10,
          10,
          null,
          null,
          1,
          11,
          null,
          11,
          null,
          0,
          null,
          null,
          0,
          null,
          null,
          2,
          null,
          null,
          3,
          null,
          null,
          2,
          null,
          null,
          2,
          null,
          null,
          1,
          null,
          null,
          0,
          null,
          null,
          1,
          1,
          null,
          null,
          null,
          1,
          null,
          1,
          27,
          null,
          null,
          1,
          8,
          null,
          null,
          null,
          null,
          1,
          8,
          null,
          null,
          1,
          2,
          null,
          2,
          2,
          null,
          2,
          null,
          1,
          1,
          null,
          null,
          null,
          1,
          0,
          null,
          0,
          null,
          0,
          null,
          0,
          null,
          null,
          1,
          3,
          null,
          2,
          2,
          null,
          1,
          null,
          null,
          1,
          1,
          1,
          1,
          1,
          1,
          1,
          1,
          1,
          null,
          null,
          1,
          2,
          null,
          2,
          1,
          1,
          null,
          null,
          1,
          1,
          null,
          1,
          1,
          null,
          null,
          null,
          1,
          4,
          null,
          null,
          1,
          2,
          2,
          null,
          null,
          null,
          null,
          0,
          null,
          null,
          null,
          null,
          null,
          1,
          2,
          null,
          2,
          null,
          2,
          1,
          null,
          1,
          1,
          null,
          null,
          null,
          1,
          2,
          null,
          null,
          null,
          null,
          null,
          null,
          null,
          1,
          1,
          1,
          1,
          null,
          1,
          1,
          1,
          1,
          1,
          1,
          1,
          1,
          1,
          1,
          1,
          1,
          1,
          1,
          1,
          1,
          null,
          null,
          1,
          0,
          null,
          0,
          null,
          0,
          0,
          null,
          0,
          null,
          0,
          0,
          0,
          null,
          null,
          null,
          null,
          1,
          1,
          null,
          null,
          null,
          null,
          null,
          null,
          null,
          null,
          null,
          null,
          1,
          0,
          null,
          null,
          null,
          null,
          null,
          null,
          null
        ]
      },
      "/home/pascal/video_encoder/lib/video_encoder/loggable.rb": {
        "lines": [
          null,
          null,
          1,
          null,
          1,
          1,
          null,
          1,
          0,
          null,
          null,
          null
        ]
      },
      "/home/pascal/video_encoder/lib/video_encoder/config.rb": {
        "lines": [
          null,
          null,
          1,
          null,
          1,
          null,
          1,
          1,
          14,
          14,
          null,
          0,
          null,
          null,
          null,
          1,
          14,
          null,
          null,
          1,
          10,
          null,
          null,
          1,
          4,
          null,
          null,
          1,
          8,
          null,
          null,
          1,
          13,
          null,
          null,
          null
        ]
      },
      "/home/pascal/video_encoder/lib/video_encoder/directories.rb": {
        "lines": [
          null,
          null,
          1,
          null,
          1,
          1,
          8,
          null,
          null,
          1,
          2,
          null,
          null,
          1,
          2,
          null,
          null,
          1,
          2,
          null,
          null,
          1,
          2,
          null,
          null,
          null
        ]
      },
      "/home/pascal/video_encoder/lib/video_encoder/ffmpeg_config.rb": {
        "lines": [
          null,
          null,
          1,
          1,
          1,
          13,
          null,
          null,
          1,
          1,
          null,
          null,
          1,
          2,
          null,
          null,
          1,
          2,
          null,
          null,
          1,
          1,
          null,
          null,
          1,
          1,
          null,
          null,
          1,
          2,
          null,
          null,
          1,
          2,
          null,
          null,
          1,
          0,
          null,
          null,
          1,
          0,
          null,
          null,
          1,
          0,
          null,
          null,
          1,
          0,
          null,
          null,
          null
        ]
      },
      "/home/pascal/video_encoder/lib/video_encoder/watcher.rb": {
        "lines": [
          null,
          null,
          1,
          null,
          1,
          1,
          5,
          5,
          5,
          5,
          null,
          null,
          1,
          11,
          11,
          null,
          10,
          10,
          4,
          4,
          null,
          4,
          4,
          null,
          4,
          null,
          6,
          null,
          null,
          null,
          null
        ]
      }
    },
    "timestamp": 1783769810
  }
}
